[2026-01-14T14:48:18.092Z] Repository: partha-sarathi-sarkar/env-variables
[2026-01-14T14:48:18.092Z] Token: github_********
[2026-01-14T14:48:18.092Z] Deployment started
[2026-01-14T14:48:18.092Z] Processing environment: development
[2026-01-14T14:48:18.652Z]   Existing variables: 5, Desired variables: 5
[2026-01-14T14:48:18.652Z]   Skipped API_URL (no value change)
[2026-01-14T14:48:18.652Z]   Skipped DB_HOST (no value change)
[2026-01-14T14:48:18.652Z]   Skipped DB_PORT (no value change)
[2026-01-14T14:48:18.652Z]   Skipped NODE_ENV (no value change)
[2026-01-14T14:48:18.652Z]   Skipped REDIS_URL (no value change)
[2026-01-14T14:48:18.652Z]   Summary for development: Updated 0, Created 0, Deleted 0, Skipped 5
[2026-01-14T14:48:18.653Z] Processing environment: staging
[2026-01-14T14:48:19.018Z]   Existing variables: 5, Desired variables: 5
[2026-01-14T14:48:19.018Z]   Skipped API_URL (no value change)
[2026-01-14T14:48:19.018Z]   Skipped DB_HOST (no value change)
[2026-01-14T14:48:19.018Z]   Skipped DB_PORT (no value change)
[2026-01-14T14:48:19.019Z]   Skipped NODE_ENV (no value change)
[2026-01-14T14:48:19.019Z]   Skipped REDIS_URL (no value change)
[2026-01-14T14:48:19.019Z]   Summary for staging: Updated 0, Created 0, Deleted 0, Skipped 5
[2026-01-14T14:48:19.019Z] Processing environment: qa
[2026-01-14T14:48:19.464Z]   Existing variables: 0, Desired variables: 5
[2026-01-14T14:48:20.186Z]   Created API_URL
[2026-01-14T14:48:21.036Z]   Created DB_HOST
[2026-01-14T14:48:22.049Z]   Created DB_PORT
[2026-01-14T14:48:22.825Z]   Created NODE_ENV
[2026-01-14T14:48:23.555Z]   Created REDIS_URL
[2026-01-14T14:48:23.555Z]   Summary for qa: Updated 0, Created 5, Deleted 0, Skipped 0
[2026-01-14T14:48:23.556Z] Processing environment: production
[2026-01-14T14:48:23.952Z]   Existing variables: 0, Desired variables: 5
[2026-01-14T14:48:24.702Z]   Created API_URL
[2026-01-14T14:48:25.420Z]   Created DB_HOST
[2026-01-14T14:48:26.303Z]   Created DB_PORT
[2026-01-14T14:48:27.513Z]   Created NODE_ENV
[2026-01-14T14:48:28.323Z]   Created REDIS_URL
[2026-01-14T14:48:28.323Z]   Summary for production: Updated 0, Created 5, Deleted 0, Skipped 0
[2026-01-14T14:48:28.324Z] Final summary: Updated 0, Created 10, Deleted 0, Skipped 10
[2026-01-14T14:48:28.324Z] Deployment complete